0 verbose cli C:\Program Files\nodejs\node.exe C:\Program Files\nodejs\node_modules\npm\bin\npm-cli.js
1 info using npm@11.6.2
2 info using node@v24.11.1
3 silly config load:file:C:\Program Files\nodejs\node_modules\npm\npmrc
4 silly config load:file:E:\creating-dk-website\dr-kumar-foundation\.npmrc
5 silly config load:file:C:\Users\Abdul Manan\.npmrc
6 silly config load:file:C:\Users\Abdul Manan\AppData\Roaming\npm\etc\npmrc
7 verbose title npm run build
8 verbose argv "run" "build"
9 verbose logfile logs-max:10 dir:E:\creating-dk-website\dr-kumar-foundation\.npm-cache\_logs\2026-03-27T10_48_10_862Z-
10 verbose logfile E:\creating-dk-website\dr-kumar-foundation\.npm-cache\_logs\2026-03-27T10_48_10_862Z-debug-0.log
11 silly logfile done cleaning log files
12 http fetch GET 200 https://registry.npmjs.org/npm 512ms
13 verbose cwd E:\creating-dk-website\dr-kumar-foundation
14 verbose os Windows_NT 10.0.19045
15 verbose node v24.11.1
16 verbose npm  v11.6.2
17 notice
17 notice New [33mminor[39m version of npm available! [33m11.6.2[39m -> [34m11.12.1[39m
17 notice Changelog: [34mhttps://github.com/npm/cli/releases/tag/v11.12.1[39m
17 notice To update run: [4mnpm install -g npm@11.12.1[24m
17 notice  { force: true, Symbol(proc-log.meta): true }
18 verbose exit 1
19 verbose code 1
